This file contains any messages produced by compilers while
running configure, to aid debugging if configure makes a mistake.

It was created by configure, which was
generated by GNU Autoconf 2.68.  Invocation command line was

  $ configure --host=i686-pc-linux-gnu --enable-static --disable-shared --without-python --without-crypto --with-debug --with-libxml-prefix=/usr/local/lib/ruby/gems/2.2.0/gems/nokogiri-1.6.6.2/ports/i686-pc-linux-gnu/libxml2/2.9.2 --disable-shared --enable-static CFLAGS=-fPIC  --prefix=/usr/local/lib/ruby/gems/2.2.0/gems/nokogiri-1.6.6.2/ports/i686-pc-linux-gnu/libxslt/1.1.28

## --------- ##
## Platform. ##
## --------- ##

hostname = kali
uname -m = i686
uname -r = 3.18.0-kali3-686-pae
uname -s = Linux
uname -v = #1 SMP Debian 3.18.6-1~kali2 (2015-03-02)

/usr/bin/uname -p = unknown
/bin/uname -X     = unknown

/bin/arch              = unknown
/usr/bin/arch -k       = unknown
/usr/convex/getsysinfo = unknown
/usr/bin/hostinfo      = unknown
/bin/machine           = unknown
/usr/bin/oslevel       = unknown
/bin/universe          = unknown

PATH: /usr/local/lib/ruby/gems/2.2.0/gems/nokogiri-1.6.6.2/ports/i686-pc-linux-gnu/libxml2/2.9.2/bin
PATH: /usr/local/sbin
PATH: /usr/local/bin
PATH: /usr/sbin
PATH: /usr/bin
PATH: /sbin
PATH: /bin


## ----------- ##
## Core tests. ##
## ----------- ##

configure:2307: checking build system type
configure:2321: result: i686-pc-linux-gnu
configure:2341: checking host system type
configure:2354: result: i686-pc-linux-gnu
configure:2382: checking for i686-pc-linux-gnu-gcc
configure:2412: result: no
configure:2422: checking for gcc
configure:2438: found /usr/bin/gcc
configure:2449: result: gcc
configure:2678: checking for C compiler version
configure:2687: gcc --version >&5
gcc (Debian 4.7.2-5) 4.7.2
Copyright (C) 2012 Free Software Foundation, Inc.
This is free software; see the source for copying conditions.  There is NO
warranty; not even for MERCHANTABILITY or FITNESS FOR A PARTICULAR PURPOSE.

configure:2698: $? = 0
configure:2687: gcc -v >&5
Using built-in specs.
COLLECT_GCC=gcc
COLLECT_LTO_WRAPPER=/usr/lib/gcc/i486-linux-gnu/4.7/lto-wrapper
Target: i486-linux-gnu
Configured with: ../src/configure -v --with-pkgversion='Debian 4.7.2-5' --with-bugurl=file:///usr/share/doc/gcc-4.7/README.Bugs --enable-languages=c,c++,go,fortran,objc,obj-c++ --prefix=/usr --program-suffix=-4.7 --enable-shared --enable-linker-build-id --with-system-zlib --libexecdir=/usr/lib --without-included-gettext --enable-threads=posix --with-gxx-include-dir=/usr/include/c++/4.7 --libdir=/usr/lib --enable-nls --with-sysroot=/ --enable-clocale=gnu --enable-libstdcxx-debug --enable-libstdcxx-time=yes --enable-gnu-unique-object --enable-plugin --enable-objc-gc --enable-targets=all --with-arch-32=i586 --with-tune=generic --enable-checking=release --build=i486-linux-gnu --host=i486-linux-gnu --target=i486-linux-gnu
Thread model: posix
gcc version 4.7.2 (Debian 4.7.2-5) 
configure:2698: $? = 0
configure:2687: gcc -V >&5
gcc: error: unrecognized command line option '-V'
gcc: fatal error: no input files
compilation terminated.
configure:2698: $? = 4
configure:2687: gcc -qversion >&5
gcc: error: unrecognized command line option '-qversion'
gcc: fatal error: no input files
compilation terminated.
configure:2698: $? = 4
configure:2718: checking whether the C compiler works
configure:2740: gcc -fPIC   -L/usr/local/lib/ruby/gems/2.2.0/gems/nokogiri-1.6.6.2/ports/i686-pc-linux-gnu/libxml2/2.9.2/lib conftest.c  >&5
configure:2744: $? = 0
configure:2792: result: yes
configure:2795: checking for C compiler default output file name
configure:2797: result: a.out
configure:2803: checking for suffix of executables
configure:2810: gcc -o conftest -fPIC   -L/usr/local/lib/ruby/gems/2.2.0/gems/nokogiri-1.6.6.2/ports/i686-pc-linux-gnu/libxml2/2.9.2/lib conftest.c  >&5
configure:2814: $? = 0
configure:2836: result: 
configure:2858: checking whether we are cross compiling
configure:2866: gcc -o conftest -fPIC   -L/usr/local/lib/ruby/gems/2.2.0/gems/nokogiri-1.6.6.2/ports/i686-pc-linux-gnu/libxml2/2.9.2/lib conftest.c  >&5

## ---------------- ##
## Cache variables. ##
## ---------------- ##

ac_cv_build=i686-pc-linux-gnu
ac_cv_env_CC_set=
ac_cv_env_CC_value=
ac_cv_env_CFLAGS_set=set
ac_cv_env_CFLAGS_value='-fPIC '
ac_cv_env_CPPFLAGS_set=
ac_cv_env_CPPFLAGS_value=
ac_cv_env_CPP_set=
ac_cv_env_CPP_value=
ac_cv_env_LDFLAGS_set=set
ac_cv_env_LDFLAGS_value=-L/usr/local/lib/ruby/gems/2.2.0/gems/nokogiri-1.6.6.2/ports/i686-pc-linux-gnu/libxml2/2.9.2/lib
ac_cv_env_LIBS_set=
ac_cv_env_LIBS_value=
ac_cv_env_build_alias_set=
ac_cv_env_build_alias_value=
ac_cv_env_host_alias_set=set
ac_cv_env_host_alias_value=i686-pc-linux-gnu
ac_cv_env_target_alias_set=
ac_cv_env_target_alias_value=
ac_cv_host=i686-pc-linux-gnu
ac_cv_prog_ac_ct_CC=gcc

## ----------------- ##
## Output variables. ##
## ----------------- ##

ACLOCAL=''
AMDEPBACKSLASH=''
AMDEP_FALSE=''
AMDEP_TRUE=''
AMTAR=''
AM_BACKSLASH=''
AM_DEFAULT_V=''
AM_DEFAULT_VERBOSITY=''
AM_V=''
AR=''
AS=''
AUTOCONF=''
AUTOHEADER=''
AUTOMAKE=''
AWK=''
CC='gcc'
CCDEPMODE=''
CFLAGS='-fPIC '
CPP=''
CPPFLAGS=''
CYGPATH_W=''
DEFS=''
DEPDIR=''
DLLTOOL=''
DSYMUTIL=''
DUMPBIN=''
ECHO_C=''
ECHO_N='-n'
ECHO_T=''
EGREP=''
EXEEXT=''
EXSLT_INCLUDEDIR=''
EXSLT_LIBDIR=''
EXSLT_LIBS=''
EXTRA_LIBS=''
FGREP=''
GREP=''
HTML_DIR=''
INSTALL_DATA=''
INSTALL_PROGRAM=''
INSTALL_SCRIPT=''
INSTALL_STRIP_PROGRAM=''
LD=''
LDFLAGS='-L/usr/local/lib/ruby/gems/2.2.0/gems/nokogiri-1.6.6.2/ports/i686-pc-linux-gnu/libxml2/2.9.2/lib'
LIBEXSLT_MAJOR_VERSION=''
LIBEXSLT_MICRO_VERSION=''
LIBEXSLT_MINOR_VERSION=''
LIBEXSLT_VERSION=''
LIBEXSLT_VERSION_EXTRA=''
LIBEXSLT_VERSION_INFO=''
LIBEXSLT_VERSION_NUMBER=''
LIBGCRYPT_CFLAGS=''
LIBGCRYPT_CONFIG=''
LIBGCRYPT_LIBS=''
LIBOBJS=''
LIBS=''
LIBTOOL=''
LIBXML_CFLAGS=''
LIBXML_LIBS=''
LIBXML_REQUIRED_VERSION=''
LIBXML_SRC=''
LIBXSLT_DEFAULT_PLUGINS_PATH=''
LIBXSLT_MAJOR_MINOR_VERSION=''
LIBXSLT_MAJOR_VERSION=''
LIBXSLT_MICRO_VERSION=''
LIBXSLT_MINOR_VERSION=''
LIBXSLT_VERSION=''
LIBXSLT_VERSION_EXTRA=''
LIBXSLT_VERSION_INFO=''
LIBXSLT_VERSION_NUMBER=''
LIPO=''
LN_S=''
LTLIBOBJS=''
MAKEINFO=''
MANIFEST_TOOL=''
MKDIR_P=''
MV=''
M_LIBS=''
NM=''
NMEDIT=''
OBJDUMP=''
OBJEXT=''
OTOOL64=''
OTOOL=''
PACKAGE=''
PACKAGE_BUGREPORT=''
PACKAGE_NAME=''
PACKAGE_STRING=''
PACKAGE_TARNAME=''
PACKAGE_URL=''
PACKAGE_VERSION=''
PATH_SEPARATOR=':'
PERL=''
PYTHON=''
PYTHONSODV=''
PYTHON_INCLUDES=''
PYTHON_LIBS=''
PYTHON_SITE_PACKAGES=''
PYTHON_SUBDIR=''
PYTHON_VERSION=''
RANLIB=''
RELDATE=''
RM=''
SED=''
SET_MAKE=''
SHELL='/bin/bash'
STRIP=''
TAR=''
THREAD_LIBS=''
USE_VERSION_SCRIPT_FALSE=''
USE_VERSION_SCRIPT_TRUE=''
VERSION=''
VERSION_SCRIPT_FLAGS=''
WIN32_EXTRA_LDFLAGS=''
WIN32_EXTRA_LIBADD=''
WITH_CRYPTO=''
WITH_DEBUGGER=''
WITH_MEM_DEBUG=''
WITH_MODULES=''
WITH_MODULES_FALSE=''
WITH_MODULES_TRUE=''
WITH_PERL_FALSE=''
WITH_PERL_TRUE=''
WITH_PYTHON_FALSE=''
WITH_PYTHON_TRUE=''
WITH_TRIO=''
WITH_XSLT_DEBUG=''
XMLLINT=''
XML_CONFIG=''
XSLTPROC=''
XSLTPROCDV=''
XSLT_INCLUDEDIR=''
XSLT_LIBDIR=''
XSLT_LIBS=''
XSLT_LOCALE_WINAPI=''
XSLT_LOCALE_XLOCALE=''
ac_ct_AR=''
ac_ct_CC='gcc'
ac_ct_DUMPBIN=''
am__EXEEXT_FALSE=''
am__EXEEXT_TRUE=''
am__fastdepCC_FALSE=''
am__fastdepCC_TRUE=''
am__include=''
am__isrc=''
am__leading_dot=''
am__nodep=''
am__quote=''
am__tar=''
am__untar=''
bindir='${exec_prefix}/bin'
build='i686-pc-linux-gnu'
build_alias=''
build_cpu='i686'
build_os='linux-gnu'
build_vendor='pc'
datadir='${datarootdir}'
datarootdir='${prefix}/share'
docdir='${datarootdir}/doc/${PACKAGE}'
dvidir='${docdir}'
exec_prefix='NONE'
host='i686-pc-linux-gnu'
host_alias='i686-pc-linux-gnu'
host_cpu='i686'
host_os='linux-gnu'
host_vendor='pc'
htmldir='${docdir}'
includedir='${prefix}/include'
infodir='${datarootdir}/info'
install_sh=''
libdir='${exec_prefix}/lib'
libexecdir='${exec_prefix}/libexec'
localedir='${datarootdir}/locale'
localstatedir='${prefix}/var'
mandir='${datarootdir}/man'
mkdir_p=''
oldincludedir='/usr/include'
pdfdir='${docdir}'
prefix='/usr/local/lib/ruby/gems/2.2.0/gems/nokogiri-1.6.6.2/ports/i686-pc-linux-gnu/libxslt/1.1.28'
program_transform_name='s,x,x,'
psdir='${docdir}'
pythondir=''
sbindir='${exec_prefix}/sbin'
sharedstatedir='${prefix}/com'
sysconfdir='${prefix}/etc'
target_alias=''

## ----------- ##
## confdefs.h. ##
## ----------- ##

/* confdefs.h */
#define PACKAGE_NAME ""
#define PACKAGE_TARNAME ""
#define PACKAGE_VERSION ""
#define PACKAGE_STRING ""
#define PACKAGE_BUGREPORT ""
#define PACKAGE_URL ""

configure: caught signal 2
configure: exit 1
